<?xml version="1.0" encoding="UTF-8"?>
<testsuite xmlns:xsi="http://www.w3.org/2001/XMLSchema-instance" xsi:noNamespaceSchemaLocation="https://maven.apache.org/surefire/maven-surefire-plugin/xsd/surefire-test-report.xsd" name="org.opcode.service.OpcodeSimulatorTest" time="0.12" tests="7" errors="0" skipped="0" failures="0">
  <properties>
[...]
</properties>
  <testcase name="testMoveRegisterInstructions" classname="org.opcode.service.OpcodeSimulatorTest" time="0.071"/>
  <testcase name="testAddValueInstructions" classname="org.opcode.service.OpcodeSimulatorTest" time="0.007"/>
  <testcase name="testAddRegisterInstructions" classname="org.opcode.service.OpcodeSimulatorTest" time="0.003"/>
  <testcase name="testSetInstructions" classname="org.opcode.service.OpcodeSimulatorTest" time="0"/>
  <testcase name="testIncrementDecrementRegisterInstructions" classname="org.opcode.service.OpcodeSimulatorTest" time="0.002"/>
  <testcase name="testMultipleInstructionsWithNOOP" classname="org.opcode.service.OpcodeSimulatorTest" time="0.003"/>
  <testcase name="testResetRegisterInstructions" classname="org.opcode.service.OpcodeSimulatorTest" time="0.003"/>
</testsuite>